{"level":"info","message":"Server listening on Port: 3005","service":"user-service","timestamp":"2023-03-09T15:08:53.772Z"}
{
  message: 'Server listening on Port: 3005',
  level: 'info',
  service: 'user-service',
  timestamp: '2023-03-09T15:14:24.750Z'
}
{
  message: 'something went wrong Error: test error1',
  level: 'error',
  service: 'user-service',
  timestamp: '2023-03-09T15:15:27.738Z'
}
{
  message: 'Server listening on Port: 3005',
  level: 'info',
  service: 'user-service',
  timestamp: '2023-03-09T15:15:28.246Z'
}
{
  message: 'homepage requested!!',
  level: 'info',
  service: 'user-service',
  timestamp: '2023-03-09T15:24:49.392Z'
}
{
  message: 'query for listComponents failedError: connect ECONNREFUSED 127.0.0.1:5559',
  level: 'error',
  service: 'user-service',
  timestamp: '2023-03-09T15:24:51.971Z'
}
{
  message: 'component list items failed to load Error: connect ECONNREFUSED 127.0.0.1:5559',
  level: 'error',
  service: 'user-service',
  timestamp: '2023-03-09T15:24:51.973Z'
}
{
  message: 'Server listening on Port: 3005',
  level: 'info',
  service: 'user-service',
  timestamp: '2023-03-09T15:30:35.041Z'
}
{
  message: 'Server listening on Port: 3005',
  level: 'info',
  service: 'user-service',
  timestamp: '2023-03-09T15:34:23.381Z'
}
{
  message: 'Server listening on Port: 3005',
  level: 'info',
  service: 'user-service',
  timestamp: '2023-03-09T15:37:18.260Z'
}
