{
  error: Error [ERR_HTTP_HEADERS_SENT]: Cannot set headers after they are sent to the client
      at new NodeError (node:internal/errors:393:5)
      at ServerResponse.setHeader (node:_http_outgoing:644:11)
      at ServerResponse.header (/Users/fenja/github/WebComponent/february-22/Component_store_Next_Gen/component_store/node_modules/express/lib/response.js:794:10)
      at ServerResponse.location (/Users/fenja/github/WebComponent/february-22/Component_store_Next_Gen/component_store/node_modules/express/lib/response.js:915:15)
      at ServerResponse.redirect (/Users/fenja/github/WebComponent/february-22/Component_store_Next_Gen/component_store/node_modules/express/lib/response.js:953:18)
      at /Users/fenja/github/WebComponent/february-22/Component_store_Next_Gen/component_store/src/routes/fileUpload.js:76:36
      at /Users/fenja/github/WebComponent/february-22/Component_store_Next_Gen/component_store/node_modules/express-fileupload/lib/utilities.js:64:52
      at WriteStream.<anonymous> (/Users/fenja/github/WebComponent/february-22/Component_store_Next_Gen/component_store/node_modules/express-fileupload/lib/utilities.js:220:5)
      at WriteStream.emit (node:events:513:28)
      at emitCloseNT (node:internal/streams/destroy:132:10) {
    code: 'ERR_HTTP_HEADERS_SENT'
  },
  level: 'error',
  message: 'uncaughtException: Cannot set headers after they are sent to the client\n' +
    'Error [ERR_HTTP_HEADERS_SENT]: Cannot set headers after they are sent to the client\n' +
    '    at new NodeError (node:internal/errors:393:5)\n' +
    '    at ServerResponse.setHeader (node:_http_outgoing:644:11)\n' +
    '    at ServerResponse.header (/Users/fenja/github/WebComponent/february-22/Component_store_Next_Gen/component_store/node_modules/express/lib/response.js:794:10)\n' +
    '    at ServerResponse.location (/Users/fenja/github/WebComponent/february-22/Component_store_Next_Gen/component_store/node_modules/express/lib/response.js:915:15)\n' +
    '    at ServerResponse.redirect (/Users/fenja/github/WebComponent/february-22/Component_store_Next_Gen/component_store/node_modules/express/lib/response.js:953:18)\n' +
    '    at /Users/fenja/github/WebComponent/february-22/Component_store_Next_Gen/component_store/src/routes/fileUpload.js:76:36\n' +
    '    at /Users/fenja/github/WebComponent/february-22/Component_store_Next_Gen/component_store/node_modules/express-fileupload/lib/utilities.js:64:52\n' +
    '    at WriteStream.<anonymous> (/Users/fenja/github/WebComponent/february-22/Component_store_Next_Gen/component_store/node_modules/express-fileupload/lib/utilities.js:220:5)\n' +
    '    at WriteStream.emit (node:events:513:28)\n' +
    '    at emitCloseNT (node:internal/streams/destroy:132:10)',
  stack: 'Error [ERR_HTTP_HEADERS_SENT]: Cannot set headers after they are sent to the client\n' +
    '    at new NodeError (node:internal/errors:393:5)\n' +
    '    at ServerResponse.setHeader (node:_http_outgoing:644:11)\n' +
    '    at ServerResponse.header (/Users/fenja/github/WebComponent/february-22/Component_store_Next_Gen/component_store/node_modules/express/lib/response.js:794:10)\n' +
    '    at ServerResponse.location (/Users/fenja/github/WebComponent/february-22/Component_store_Next_Gen/component_store/node_modules/express/lib/response.js:915:15)\n' +
    '    at ServerResponse.redirect (/Users/fenja/github/WebComponent/february-22/Component_store_Next_Gen/component_store/node_modules/express/lib/response.js:953:18)\n' +
    '    at /Users/fenja/github/WebComponent/february-22/Component_store_Next_Gen/component_store/src/routes/fileUpload.js:76:36\n' +
    '    at /Users/fenja/github/WebComponent/february-22/Component_store_Next_Gen/component_store/node_modules/express-fileupload/lib/utilities.js:64:52\n' +
    '    at WriteStream.<anonymous> (/Users/fenja/github/WebComponent/february-22/Component_store_Next_Gen/component_store/node_modules/express-fileupload/lib/utilities.js:220:5)\n' +
    '    at WriteStream.emit (node:events:513:28)\n' +
    '    at emitCloseNT (node:internal/streams/destroy:132:10)',
  exception: true,
  date: 'Thu Mar 09 2023 14:04:46 GMT+0100 (Central European Standard Time)',
  process: {
    pid: 61945,
    uid: 501,
    gid: 20,
    cwd: '/Users/fenja/github/WebComponent/february-22/Component_store_Next_Gen/component_store',
    execPath: '/opt/homebrew/Cellar/node@18/18.12.1/bin/node',
    version: 'v18.12.1',
    argv: [
      '/opt/homebrew/Cellar/node@18/18.12.1/bin/node',
      '/Users/fenja/github/WebComponent/february-22/Component_store_Next_Gen/component_store/src/app.js'
    ],
    memoryUsage: {
      rss: 44957696,
      heapTotal: 17711104,
      heapUsed: 15892208,
      external: 2836451,
      arrayBuffers: 2035493
    }
  },
  os: {
    loadavg: [ 1.7060546875, 2.486328125, 2.5986328125 ],
    uptime: 1998337
  },
  trace: [
    {
      column: 5,
      file: 'node:internal/errors',
      function: 'new NodeError',
      line: 393,
      method: null,
      native: false
    },
    {
      column: 11,
      file: 'node:_http_outgoing',
      function: 'ServerResponse.setHeader',
      line: 644,
      method: 'setHeader',
      native: false
    },
    {
      column: 10,
      file: '/Users/fenja/github/WebComponent/february-22/Component_store_Next_Gen/component_store/node_modules/express/lib/response.js',
      function: 'ServerResponse.header',
      line: 794,
      method: 'header',
      native: false
    },
    {
      column: 15,
      file: '/Users/fenja/github/WebComponent/february-22/Component_store_Next_Gen/component_store/node_modules/express/lib/response.js',
      function: 'ServerResponse.location',
      line: 915,
      method: 'location',
      native: false
    },
    {
      column: 18,
      file: '/Users/fenja/github/WebComponent/february-22/Component_store_Next_Gen/component_store/node_modules/express/lib/response.js',
      function: 'ServerResponse.redirect',
      line: 953,
      method: 'redirect',
      native: false
    },
    {
      column: 36,
      file: '/Users/fenja/github/WebComponent/february-22/Component_store_Next_Gen/component_store/src/routes/fileUpload.js',
      function: null,
      line: 76,
      method: null,
      native: false
    },
    {
      column: 52,
      file: '/Users/fenja/github/WebComponent/february-22/Component_store_Next_Gen/component_store/node_modules/express-fileupload/lib/utilities.js',
      function: null,
      line: 64,
      method: null,
      native: false
    },
    {
      column: 5,
      file: '/Users/fenja/github/WebComponent/february-22/Component_store_Next_Gen/component_store/node_modules/express-fileupload/lib/utilities.js',
      function: null,
      line: 220,
      method: null,
      native: false
    },
    {
      column: 28,
      file: 'node:events',
      function: 'WriteStream.emit',
      line: 513,
      method: 'emit',
      native: false
    },
    {
      column: 10,
      file: 'node:internal/streams/destroy',
      function: 'emitCloseNT',
      line: 132,
      method: null,
      native: false
    }
  ],
  service: 'user-service',
  timestamp: '2023-03-09T13:04:46.686Z'
}
{
  error: Error [ERR_HTTP_HEADERS_SENT]: Cannot set headers after they are sent to the client
      at new NodeError (node:internal/errors:393:5)
      at ServerResponse.setHeader (node:_http_outgoing:644:11)
      at ServerResponse.header (/Users/fenja/github/WebComponent/february-22/Component_store_Next_Gen/component_store/node_modules/express/lib/response.js:794:10)
      at ServerResponse.location (/Users/fenja/github/WebComponent/february-22/Component_store_Next_Gen/component_store/node_modules/express/lib/response.js:915:15)
      at ServerResponse.redirect (/Users/fenja/github/WebComponent/february-22/Component_store_Next_Gen/component_store/node_modules/express/lib/response.js:953:18)
      at /Users/fenja/github/WebComponent/february-22/Component_store_Next_Gen/component_store/src/routes/fileUpload.js:102:36
      at /Users/fenja/github/WebComponent/february-22/Component_store_Next_Gen/component_store/node_modules/express-fileupload/lib/utilities.js:64:52
      at WriteStream.<anonymous> (/Users/fenja/github/WebComponent/february-22/Component_store_Next_Gen/component_store/node_modules/express-fileupload/lib/utilities.js:220:5)
      at WriteStream.emit (node:events:513:28)
      at emitCloseNT (node:internal/streams/destroy:132:10) {
    code: 'ERR_HTTP_HEADERS_SENT'
  },
  level: 'error',
  message: 'uncaughtException: Cannot set headers after they are sent to the client\n' +
    'Error [ERR_HTTP_HEADERS_SENT]: Cannot set headers after they are sent to the client\n' +
    '    at new NodeError (node:internal/errors:393:5)\n' +
    '    at ServerResponse.setHeader (node:_http_outgoing:644:11)\n' +
    '    at ServerResponse.header (/Users/fenja/github/WebComponent/february-22/Component_store_Next_Gen/component_store/node_modules/express/lib/response.js:794:10)\n' +
    '    at ServerResponse.location (/Users/fenja/github/WebComponent/february-22/Component_store_Next_Gen/component_store/node_modules/express/lib/response.js:915:15)\n' +
    '    at ServerResponse.redirect (/Users/fenja/github/WebComponent/february-22/Component_store_Next_Gen/component_store/node_modules/express/lib/response.js:953:18)\n' +
    '    at /Users/fenja/github/WebComponent/february-22/Component_store_Next_Gen/component_store/src/routes/fileUpload.js:102:36\n' +
    '    at /Users/fenja/github/WebComponent/february-22/Component_store_Next_Gen/component_store/node_modules/express-fileupload/lib/utilities.js:64:52\n' +
    '    at WriteStream.<anonymous> (/Users/fenja/github/WebComponent/february-22/Component_store_Next_Gen/component_store/node_modules/express-fileupload/lib/utilities.js:220:5)\n' +
    '    at WriteStream.emit (node:events:513:28)\n' +
    '    at emitCloseNT (node:internal/streams/destroy:132:10)',
  stack: 'Error [ERR_HTTP_HEADERS_SENT]: Cannot set headers after they are sent to the client\n' +
    '    at new NodeError (node:internal/errors:393:5)\n' +
    '    at ServerResponse.setHeader (node:_http_outgoing:644:11)\n' +
    '    at ServerResponse.header (/Users/fenja/github/WebComponent/february-22/Component_store_Next_Gen/component_store/node_modules/express/lib/response.js:794:10)\n' +
    '    at ServerResponse.location (/Users/fenja/github/WebComponent/february-22/Component_store_Next_Gen/component_store/node_modules/express/lib/response.js:915:15)\n' +
    '    at ServerResponse.redirect (/Users/fenja/github/WebComponent/february-22/Component_store_Next_Gen/component_store/node_modules/express/lib/response.js:953:18)\n' +
    '    at /Users/fenja/github/WebComponent/february-22/Component_store_Next_Gen/component_store/src/routes/fileUpload.js:102:36\n' +
    '    at /Users/fenja/github/WebComponent/february-22/Component_store_Next_Gen/component_store/node_modules/express-fileupload/lib/utilities.js:64:52\n' +
    '    at WriteStream.<anonymous> (/Users/fenja/github/WebComponent/february-22/Component_store_Next_Gen/component_store/node_modules/express-fileupload/lib/utilities.js:220:5)\n' +
    '    at WriteStream.emit (node:events:513:28)\n' +
    '    at emitCloseNT (node:internal/streams/destroy:132:10)',
  exception: true,
  date: 'Thu Mar 09 2023 16:15:27 GMT+0100 (Central European Standard Time)',
  process: {
    pid: 75653,
    uid: 501,
    gid: 20,
    cwd: '/Users/fenja/github/WebComponent/february-22/Component_store_Next_Gen/component_store',
    execPath: '/opt/homebrew/Cellar/node@18/18.12.1/bin/node',
    version: 'v18.12.1',
    argv: [
      '/opt/homebrew/Cellar/node@18/18.12.1/bin/node',
      '/Users/fenja/github/WebComponent/february-22/Component_store_Next_Gen/component_store/src/app.js'
    ],
    memoryUsage: {
      rss: 50085888,
      heapTotal: 16924672,
      heapUsed: 15657888,
      external: 2830281,
      arrayBuffers: 2029363
    }
  },
  os: {
    loadavg: [ 3.5908203125, 3.80322265625, 3.50927734375 ],
    uptime: 2006178
  },
  trace: [
    {
      column: 5,
      file: 'node:internal/errors',
      function: 'new NodeError',
      line: 393,
      method: null,
      native: false
    },
    {
      column: 11,
      file: 'node:_http_outgoing',
      function: 'ServerResponse.setHeader',
      line: 644,
      method: 'setHeader',
      native: false
    },
    {
      column: 10,
      file: '/Users/fenja/github/WebComponent/february-22/Component_store_Next_Gen/component_store/node_modules/express/lib/response.js',
      function: 'ServerResponse.header',
      line: 794,
      method: 'header',
      native: false
    },
    {
      column: 15,
      file: '/Users/fenja/github/WebComponent/february-22/Component_store_Next_Gen/component_store/node_modules/express/lib/response.js',
      function: 'ServerResponse.location',
      line: 915,
      method: 'location',
      native: false
    },
    {
      column: 18,
      file: '/Users/fenja/github/WebComponent/february-22/Component_store_Next_Gen/component_store/node_modules/express/lib/response.js',
      function: 'ServerResponse.redirect',
      line: 953,
      method: 'redirect',
      native: false
    },
    {
      column: 36,
      file: '/Users/fenja/github/WebComponent/february-22/Component_store_Next_Gen/component_store/src/routes/fileUpload.js',
      function: null,
      line: 102,
      method: null,
      native: false
    },
    {
      column: 52,
      file: '/Users/fenja/github/WebComponent/february-22/Component_store_Next_Gen/component_store/node_modules/express-fileupload/lib/utilities.js',
      function: null,
      line: 64,
      method: null,
      native: false
    },
    {
      column: 5,
      file: '/Users/fenja/github/WebComponent/february-22/Component_store_Next_Gen/component_store/node_modules/express-fileupload/lib/utilities.js',
      function: null,
      line: 220,
      method: null,
      native: false
    },
    {
      column: 28,
      file: 'node:events',
      function: 'WriteStream.emit',
      line: 513,
      method: 'emit',
      native: false
    },
    {
      column: 10,
      file: 'node:internal/streams/destroy',
      function: 'emitCloseNT',
      line: 132,
      method: null,
      native: false
    }
  ],
  service: 'user-service',
  timestamp: '2023-03-09T15:15:27.746Z'
}
